<?xml version="1.0" encoding="UTF-8"?>
<!-- Generated by org.testng.reporters.JUnitXMLReporter -->
<testsuite ignored="0" hostname="MSI" failures="1" tests="5" name="Test" time="51.966" errors="0" timestamp="2021-10-22T12:26:23 IST">
  <testcase classname="com.mindtree.runner.HomePg" name="basePageNavigation" time="10.163"/>
  <testcase classname="com.mindtree.runner.HomePg" name="basePageNavigation" time="13.191"/>
  <testcase classname="com.mindtree.runner.HomePg" name="basePageNavigation" time="9.548"/>
  <testcase classname="com.mindtree.runner.HomePg" name="login" time="3.891"/>
  <testcase classname="com.mindtree.runner.HomePg" name="validateTitle" time="3.51">
    <failure type="java.lang.AssertionError" message="expected [Book Deals of the Day123] but found [Book Deals of the Day]">
      <![CDATA[java.lang.AssertionError: expected [Book Deals of the Day123] but found [Book Deals of the Day]
at com.mindtree.runner.HomePg.validateTitle(HomePg.java:87)
at java.base/java.util.ArrayList.forEach(ArrayList.java:1511)
... Removed 36 stack frames]]>
    </failure>
  </testcase> <!-- validateTitle -->
</testsuite> <!-- Test -->
